Build started 10/21/2016 1:15:19 PM.
     1>Project "C:\Users\ikervazquezlopez\Documents\Visual Studio 2013\Projects\HandGestureRecognition\HandGestureRecognition\HandGestureRecognition.vcxproj" on node 2 (Build target(s)).
     1>AddCudaCompileDeps:
         C:\Program Files (x86)\Microsoft Visual Studio 12.0\VC\bin\cl.exe /E /nologo /showIncludes /TP /D__CUDACC__ /DWIN32 /D_DEBUG /D_CONSOLE /D_MBCS /I"C:\Program Files\NVIDIA GPU Computing Toolkit\CUDA\v7.5\cuDNN\cuda/include" /I"C:\Program Files\NVIDIA GPU Computing Toolkit\CUDA\v7.5\include" /I"C:\Program Files\NVIDIA GPU Computing Toolkit\CUDA\v7.5\include" /I"C:\Program Files\Microsoft SDKs\Kinect\v2.0_1409\\inc" /IC:\Users\ikervazquezlopez\Documents\Libraries\OpenCV30\opencv\build\x86\vc12\..\..\include /I"C:\Program Files (x86)\Java\jdk1.8.0_102\include\win32" /I"C:\Program Files (x86)\Java\jdk1.8.0_102\include" /I"C:\Program Files\NVIDIA GPU Computing Toolkit\CUDA\v7.5\bin" /I"C:\Program Files\NVIDIA GPU Computing Toolkit\CUDA\v7.5\include" /I. /FIcuda_runtime.h /c "C:\Users\ikervazquezlopez\Documents\Visual Studio 2013\Projects\HandGestureRecognition\HandGestureRecognition\ImageOperation.cu" 
       CudaBuild:
         Compiling CUDA source file ImageOperation.cu...
         cmd.exe /C "C:\Users\ikervazquezlopez\AppData\Local\Temp\tmp82e46b9bfec34d5eb41de3245e83011c.cmd"
         "C:\Program Files\NVIDIA GPU Computing Toolkit\CUDA\v7.5\bin\nvcc.exe" -gencode=arch=compute_20,code=\"sm_20,compute_20\" --use-local-env --cl-version 2013 -ccbin "C:\Program Files (x86)\Microsoft Visual Studio 12.0\VC\bin"  -I"C:\Program Files\NVIDIA GPU Computing Toolkit\CUDA\v7.5\cuDNN\cuda/include" -I"C:\Program Files\NVIDIA GPU Computing Toolkit\CUDA\v7.5\include" -I"C:\Program Files\NVIDIA GPU Computing Toolkit\CUDA\v7.5\include" -I"C:\Program Files\Microsoft SDKs\Kinect\v2.0_1409\\inc" -IC:\Users\ikervazquezlopez\Documents\Libraries\OpenCV30\opencv\build\x86\vc12\..\..\include -I"C:\Program Files (x86)\Java\jdk1.8.0_102\include\win32" -I"C:\Program Files (x86)\Java\jdk1.8.0_102\include" -I"C:\Program Files\NVIDIA GPU Computing Toolkit\CUDA\v7.5\include"  -G   --keep-dir Debug -maxrregcount=0  --machine 32 --compile -cudart static  -g   -DWIN32 -D_DEBUG -D_CONSOLE -D_MBCS -Xcompiler "/EHsc /W3 /nologo /Od /Zi /RTC1 /MDd " -o Debug\ImageOperation.cu.obj "C:\Users\ikervazquezlopez\Documents\Visual Studio 2013\Projects\HandGestureRecognition\HandGestureRecognition\ImageOperation.cu"
         
         C:\Users\ikervazquezlopez\Documents\Visual Studio 2013\Projects\HandGestureRecognition\HandGestureRecognition>"C:\Program Files\NVIDIA GPU Computing Toolkit\CUDA\v7.5\bin\nvcc.exe" -gencode=arch=compute_20,code=\"sm_20,compute_20\" --use-local-env --cl-version 2013 -ccbin "C:\Program Files (x86)\Microsoft Visual Studio 12.0\VC\bin"  -I"C:\Program Files\NVIDIA GPU Computing Toolkit\CUDA\v7.5\cuDNN\cuda/include" -I"C:\Program Files\NVIDIA GPU Computing Toolkit\CUDA\v7.5\include" -I"C:\Program Files\NVIDIA GPU Computing Toolkit\CUDA\v7.5\include" -I"C:\Program Files\Microsoft SDKs\Kinect\v2.0_1409\\inc" -IC:\Users\ikervazquezlopez\Documents\Libraries\OpenCV30\opencv\build\x86\vc12\..\..\include -I"C:\Program Files (x86)\Java\jdk1.8.0_102\include\win32" -I"C:\Program Files (x86)\Java\jdk1.8.0_102\include" -I"C:\Program Files\NVIDIA GPU Computing Toolkit\CUDA\v7.5\include"  -G   --keep-dir Debug -maxrregcount=0  --machine 32 --compile -cudart static  -g   -DWIN32 -D_DEBUG -D_CONSOLE -D_MBCS -Xcompiler "/EHsc /W3 /nologo /Od /Zi /RTC1 /MDd " -o Debug\ImageOperation.cu.obj "C:\Users\ikervazquezlopez\Documents\Visual Studio 2013\Projects\HandGestureRecognition\HandGestureRecognition\ImageOperation.cu" 
     1>C:\Users\ikervazquezlopez\Documents\Libraries\OpenCV30\opencv\build\include\opencv2/core/base.hpp(363): warning : function declared with "noreturn" does return
     1>C:\Users\ikervazquezlopez\Documents\Libraries\OpenCV30\opencv\build\include\opencv2/core/fast_math.hpp(105): warning : variable "t" is used before its value is set
     1>C:\Users\ikervazquezlopez\Documents\Libraries\OpenCV30\opencv\build\include\opencv2/core/fast_math.hpp(213): warning : variable "t" is used before its value is set
     1>C:/Users/ikervazquezlopez/Documents/Visual Studio 2013/Projects/HandGestureRecognition/HandGestureRecognition/ImageOperation.cu(144): warning : transfer of control bypasses initialization of:
     1>C:/Users/ikervazquezlopez/Documents/Visual Studio 2013/Projects/HandGestureRecognition/HandGestureRecognition/ImageOperation.cu(151): warning : transfer of control bypasses initialization of:
     1>C:/Users/ikervazquezlopez/Documents/Visual Studio 2013/Projects/HandGestureRecognition/HandGestureRecognition/ImageOperation.cu(156): warning : transfer of control bypasses initialization of:
     1>C:/Users/ikervazquezlopez/Documents/Visual Studio 2013/Projects/HandGestureRecognition/HandGestureRecognition/ImageOperation.cu(326): warning : transfer of control bypasses initialization of:
     1>C:/Users/ikervazquezlopez/Documents/Visual Studio 2013/Projects/HandGestureRecognition/HandGestureRecognition/ImageOperation.cu(332): warning : transfer of control bypasses initialization of:
     1>C:/Users/ikervazquezlopez/Documents/Visual Studio 2013/Projects/HandGestureRecognition/HandGestureRecognition/ImageOperation.cu(387): warning : transfer of control bypasses initialization of:
     1>C:/Users/ikervazquezlopez/Documents/Visual Studio 2013/Projects/HandGestureRecognition/HandGestureRecognition/ImageOperation.cu(392): warning : transfer of control bypasses initialization of:
     1>C:/Users/ikervazquezlopez/Documents/Visual Studio 2013/Projects/HandGestureRecognition/HandGestureRecognition/ImageOperation.cu(400): warning : transfer of control bypasses initialization of:
     1>C:/Users/ikervazquezlopez/Documents/Visual Studio 2013/Projects/HandGestureRecognition/HandGestureRecognition/ImageOperation.cu(407): warning : transfer of control bypasses initialization of:
     1>C:/Users/ikervazquezlopez/Documents/Visual Studio 2013/Projects/HandGestureRecognition/HandGestureRecognition/ImageOperation.cu(594): warning : variable "cudaStatus" was set but never used
     1>C:/Users/ikervazquezlopez/Documents/Visual Studio 2013/Projects/HandGestureRecognition/HandGestureRecognition/ImageOperation.cu(791): warning : transfer of control bypasses initialization of:
     1>C:/Users/ikervazquezlopez/Documents/Visual Studio 2013/Projects/HandGestureRecognition/HandGestureRecognition/ImageOperation.cu(796): warning : transfer of control bypasses initialization of:
     1>C:/Users/ikervazquezlopez/Documents/Visual Studio 2013/Projects/HandGestureRecognition/HandGestureRecognition/ImageOperation.cu(804): warning : transfer of control bypasses initialization of:
     1>C:/Users/ikervazquezlopez/Documents/Visual Studio 2013/Projects/HandGestureRecognition/HandGestureRecognition/ImageOperation.cu(811): warning : transfer of control bypasses initialization of:
     1>C:/Users/ikervazquezlopez/Documents/Visual Studio 2013/Projects/HandGestureRecognition/HandGestureRecognition/ImageOperation.cu(861): warning : variable "cudaStatus" was set but never used
     1>C:/Users/ikervazquezlopez/Documents/Visual Studio 2013/Projects/HandGestureRecognition/HandGestureRecognition/ImageOperation.cu(892): warning : label "Error" was declared but never referenced
     1>C:/Users/ikervazquezlopez/Documents/Visual Studio 2013/Projects/HandGestureRecognition/HandGestureRecognition/ImageOperation.cu(906): warning : transfer of control bypasses initialization of:
     1>C:/Users/ikervazquezlopez/Documents/Visual Studio 2013/Projects/HandGestureRecognition/HandGestureRecognition/ImageOperation.cu(913): warning : transfer of control bypasses initialization of:
     1>C:/Users/ikervazquezlopez/Documents/Visual Studio 2013/Projects/HandGestureRecognition/HandGestureRecognition/ImageOperation.cu(1015): warning : variable "sizeOnes" was declared but never referenced
     1>C:/Users/ikervazquezlopez/Documents/Visual Studio 2013/Projects/HandGestureRecognition/HandGestureRecognition/ImageOperation.cu(1020): warning : variable "cudastatus" was set but never used
     1>C:\Users\ikervazquezlopez\Documents\Libraries\OpenCV30\opencv\build\include\opencv2/core/base.hpp(363): warning : function declared with "noreturn" does return
     1>C:\Users\ikervazquezlopez\Documents\Libraries\OpenCV30\opencv\build\include\opencv2/core/fast_math.hpp(105): warning : variable "t" is used before its value is set
     1>C:\Users\ikervazquezlopez\Documents\Libraries\OpenCV30\opencv\build\include\opencv2/core/fast_math.hpp(213): warning : variable "t" is used before its value is set
     1>C:/Users/ikervazquezlopez/Documents/Visual Studio 2013/Projects/HandGestureRecognition/HandGestureRecognition/ImageOperation.cu(144): warning : transfer of control bypasses initialization of:
     1>C:/Users/ikervazquezlopez/Documents/Visual Studio 2013/Projects/HandGestureRecognition/HandGestureRecognition/ImageOperation.cu(151): warning : transfer of control bypasses initialization of:
     1>C:/Users/ikervazquezlopez/Documents/Visual Studio 2013/Projects/HandGestureRecognition/HandGestureRecognition/ImageOperation.cu(156): warning : transfer of control bypasses initialization of:
     1>C:/Users/ikervazquezlopez/Documents/Visual Studio 2013/Projects/HandGestureRecognition/HandGestureRecognition/ImageOperation.cu(326): warning : transfer of control bypasses initialization of:
     1>C:/Users/ikervazquezlopez/Documents/Visual Studio 2013/Projects/HandGestureRecognition/HandGestureRecognition/ImageOperation.cu(332): warning : transfer of control bypasses initialization of:
     1>C:/Users/ikervazquezlopez/Documents/Visual Studio 2013/Projects/HandGestureRecognition/HandGestureRecognition/ImageOperation.cu(387): warning : transfer of control bypasses initialization of:
     1>C:/Users/ikervazquezlopez/Documents/Visual Studio 2013/Projects/HandGestureRecognition/HandGestureRecognition/ImageOperation.cu(392): warning : transfer of control bypasses initialization of:
     1>C:/Users/ikervazquezlopez/Documents/Visual Studio 2013/Projects/HandGestureRecognition/HandGestureRecognition/ImageOperation.cu(400): warning : transfer of control bypasses initialization of:
     1>C:/Users/ikervazquezlopez/Documents/Visual Studio 2013/Projects/HandGestureRecognition/HandGestureRecognition/ImageOperation.cu(407): warning : transfer of control bypasses initialization of:
     1>C:/Users/ikervazquezlopez/Documents/Visual Studio 2013/Projects/HandGestureRecognition/HandGestureRecognition/ImageOperation.cu(594): warning : variable "cudaStatus" was set but never used
     1>C:/Users/ikervazquezlopez/Documents/Visual Studio 2013/Projects/HandGestureRecognition/HandGestureRecognition/ImageOperation.cu(791): warning : transfer of control bypasses initialization of:
     1>C:/Users/ikervazquezlopez/Documents/Visual Studio 2013/Projects/HandGestureRecognition/HandGestureRecognition/ImageOperation.cu(796): warning : transfer of control bypasses initialization of:
     1>C:/Users/ikervazquezlopez/Documents/Visual Studio 2013/Projects/HandGestureRecognition/HandGestureRecognition/ImageOperation.cu(804): warning : transfer of control bypasses initialization of:
     1>C:/Users/ikervazquezlopez/Documents/Visual Studio 2013/Projects/HandGestureRecognition/HandGestureRecognition/ImageOperation.cu(811): warning : transfer of control bypasses initialization of:
     1>C:/Users/ikervazquezlopez/Documents/Visual Studio 2013/Projects/HandGestureRecognition/HandGestureRecognition/ImageOperation.cu(861): warning : variable "cudaStatus" was set but never used
     1>C:/Users/ikervazquezlopez/Documents/Visual Studio 2013/Projects/HandGestureRecognition/HandGestureRecognition/ImageOperation.cu(892): warning : label "Error" was declared but never referenced
     1>C:/Users/ikervazquezlopez/Documents/Visual Studio 2013/Projects/HandGestureRecognition/HandGestureRecognition/ImageOperation.cu(906): warning : transfer of control bypasses initialization of:
     1>C:/Users/ikervazquezlopez/Documents/Visual Studio 2013/Projects/HandGestureRecognition/HandGestureRecognition/ImageOperation.cu(913): warning : transfer of control bypasses initialization of:
     1>C:/Users/ikervazquezlopez/Documents/Visual Studio 2013/Projects/HandGestureRecognition/HandGestureRecognition/ImageOperation.cu(1015): warning : variable "sizeOnes" was declared but never referenced
     1>C:/Users/ikervazquezlopez/Documents/Visual Studio 2013/Projects/HandGestureRecognition/HandGestureRecognition/ImageOperation.cu(1020): warning : variable "cudastatus" was set but never used
         ImageOperation.cu
     1>C:/Users/ikervazquezlopez/Documents/Visual Studio 2013/Projects/HandGestureRecognition/HandGestureRecognition/ImageOperation.cu(337): warning C4018: '<' : signed/unsigned mismatch
     1>C:/Users/ikervazquezlopez/Documents/Visual Studio 2013/Projects/HandGestureRecognition/HandGestureRecognition/ImageOperation.cu(342): warning C4018: '<' : signed/unsigned mismatch
     1>C:/Users/ikervazquezlopez/Documents/Visual Studio 2013/Projects/HandGestureRecognition/HandGestureRecognition/ImageOperation.cu(351): warning C4018: '<=' : signed/unsigned mismatch
     1>C:/Users/ikervazquezlopez/Documents/Visual Studio 2013/Projects/HandGestureRecognition/HandGestureRecognition/ImageOperation.cu(352): warning C4018: '<=' : signed/unsigned mismatch
     1>C:/Users/ikervazquezlopez/Documents/Visual Studio 2013/Projects/HandGestureRecognition/HandGestureRecognition/ImageOperation.cu(355): warning C4018: '<' : signed/unsigned mismatch
     1>C:/Users/ikervazquezlopez/Documents/Visual Studio 2013/Projects/HandGestureRecognition/HandGestureRecognition/ImageOperation.cu(356): warning C4018: '<' : signed/unsigned mismatch
     1>C:/Users/ikervazquezlopez/Documents/Visual Studio 2013/Projects/HandGestureRecognition/HandGestureRecognition/ImageOperation.cu(599): warning C4018: '<' : signed/unsigned mismatch
     1>C:/Users/ikervazquezlopez/Documents/Visual Studio 2013/Projects/HandGestureRecognition/HandGestureRecognition/ImageOperation.cu(610): warning C4018: '<' : signed/unsigned mismatch
     1>C:/Users/ikervazquezlopez/Documents/Visual Studio 2013/Projects/HandGestureRecognition/HandGestureRecognition/ImageOperation.cu(617): warning C4018: '<' : signed/unsigned mismatch
     1>C:/Users/ikervazquezlopez/Documents/Visual Studio 2013/Projects/HandGestureRecognition/HandGestureRecognition/ImageOperation.cu(657): warning C4018: '<' : signed/unsigned mismatch
     1>C:/Users/ikervazquezlopez/Documents/Visual Studio 2013/Projects/HandGestureRecognition/HandGestureRecognition/ImageOperation.cu(663): warning C4018: '<' : signed/unsigned mismatch
     1>C:/Users/ikervazquezlopez/Documents/Visual Studio 2013/Projects/HandGestureRecognition/HandGestureRecognition/ImageOperation.cu(664): warning C4244: 'argument' : conversion from 'unsigned int' to 'float', possible loss of data
     1>C:/Users/ikervazquezlopez/Documents/Visual Studio 2013/Projects/HandGestureRecognition/HandGestureRecognition/ImageOperation.cu(715): warning C4018: '<' : signed/unsigned mismatch
     1>C:/Users/ikervazquezlopez/Documents/Visual Studio 2013/Projects/HandGestureRecognition/HandGestureRecognition/ImageOperation.cu(864): warning C4018: '<' : signed/unsigned mismatch
     1>C:/Users/ikervazquezlopez/Documents/Visual Studio 2013/Projects/HandGestureRecognition/HandGestureRecognition/ImageOperation.cu(875): warning C4018: '<' : signed/unsigned mismatch
     1>C:/Users/ikervazquezlopez/Documents/Visual Studio 2013/Projects/HandGestureRecognition/HandGestureRecognition/ImageOperation.cu(892): warning C4102: 'Error' : unreferenced label
     1>C:/Users/ikervazquezlopez/Documents/Visual Studio 2013/Projects/HandGestureRecognition/HandGestureRecognition/ImageOperation.cu(918): warning C4018: '<' : signed/unsigned mismatch
     1>C:/Users/ikervazquezlopez/Documents/Visual Studio 2013/Projects/HandGestureRecognition/HandGestureRecognition/ImageOperation.cu(958): warning C4018: '<' : signed/unsigned mismatch
     1>C:/Users/ikervazquezlopez/Documents/Visual Studio 2013/Projects/HandGestureRecognition/HandGestureRecognition/ImageOperation.cu(965): warning C4018: '<' : signed/unsigned mismatch
     1>C:/Users/ikervazquezlopez/Documents/Visual Studio 2013/Projects/HandGestureRecognition/HandGestureRecognition/ImageOperation.cu(1023): warning C4018: '<' : signed/unsigned mismatch
       Link:
         C:\Program Files (x86)\Microsoft Visual Studio 12.0\VC\bin\link.exe /ERRORREPORT:PROMPT /OUT:"C:\Users\ikervazquezlopez\Documents\Visual Studio 2013\Projects\HandGestureRecognition\Debug\HandGestureRecognition.exe" /INCREMENTAL /NOLOGO /LIBPATH:"C:\Program Files\NVIDIA GPU Computing Toolkit\CUDA\v7.5\cuDNN\cuda/lib" /LIBPATH:"C:\Program Files\NVIDIA GPU Computing Toolkit\CUDA\v7.5\lib\Win32" /LIBPATH:"C:\Program Files\NVIDIA GPU Computing Toolkit\CUDA\v7.5\lib\Win32" /LIBPATH:"C:\Program Files\Microsoft SDKs\Kinect\v2.0_1409\\Lib\x86" /LIBPATH:"C:\Program Files (x86)\Java\jdk1.8.0_102\lib" /LIBPATH:C:\Users\ikervazquezlopez\Documents\Libraries\OpenCV30\opencv\build\x86\vc12\lib cudart.lib kernel32.lib user32.lib gdi32.lib winspool.lib comdlg32.lib advapi32.lib shell32.lib ole32.lib oleaut32.lib uuid.lib odbc32.lib odbccp32.lib cudart.lib kernel32.lib user32.lib gdi32.lib winspool.lib comdlg32.lib advapi32.lib shell32.lib ole32.lib oleaut32.lib uuid.lib odbc32.lib odbccp32.lib Kinect20.lib opencv_world300.lib jvm.lib kernel32.lib user32.lib gdi32.lib winspool.lib comdlg32.lib advapi32.lib shell32.lib ole32.lib oleaut32.lib uuid.lib odbc32.lib odbccp32.lib /MANIFEST /MANIFESTUAC:"level='asInvoker' uiAccess='false'" /manifest:embed /DEBUG /PDB:"C:\Users\ikervazquezlopez\Documents\Visual Studio 2013\Projects\HandGestureRecognition\Debug\HandGestureRecognition.pdb" /SUBSYSTEM:CONSOLE /TLBID:1 /DYNAMICBASE /NXCOMPAT /IMPLIB:"C:\Users\ikervazquezlopez\Documents\Visual Studio 2013\Projects\HandGestureRecognition\Debug\HandGestureRecognition.lib" /MACHINE:X86 Debug\ImageOperation.cu.obj
         Debug\utilities.obj
         HandGestureRecognition.vcxproj -> C:\Users\ikervazquezlopez\Documents\Visual Studio 2013\Projects\HandGestureRecognition\Debug\HandGestureRecognition.exe
       PostBuildEvent:
         echo copy "C:\Program Files\NVIDIA GPU Computing Toolkit\CUDA\v7.5\bin\cudart*.dll" "C:\Users\ikervazquezlopez\Documents\Visual Studio 2013\Projects\HandGestureRecognition\Debug\"
         copy "C:\Program Files\NVIDIA GPU Computing Toolkit\CUDA\v7.5\bin\cudart*.dll" "C:\Users\ikervazquezlopez\Documents\Visual Studio 2013\Projects\HandGestureRecognition\Debug\"
         :VCEnd
         copy "C:\Program Files\NVIDIA GPU Computing Toolkit\CUDA\v7.5\bin\cudart*.dll" "C:\Users\ikervazquezlopez\Documents\Visual Studio 2013\Projects\HandGestureRecognition\Debug\"
         C:\Program Files\NVIDIA GPU Computing Toolkit\CUDA\v7.5\bin\cudart32_75.dll
         C:\Program Files\NVIDIA GPU Computing Toolkit\CUDA\v7.5\bin\cudart64_75.dll
                 2 file(s) copied.
     1>Done Building Project "C:\Users\ikervazquezlopez\Documents\Visual Studio 2013\Projects\HandGestureRecognition\HandGestureRecognition\HandGestureRecognition.vcxproj" (Build target(s)).

Build succeeded.

Time Elapsed 00:00:09.78
