Build started 10/13/2016 11:42:52 AM.
     1>Project "C:\Users\ikervazquezlopez\Documents\Visual Studio 2013\Projects\HandGestureRecognition\HandGestureRecognition\HandGestureRecognition.vcxproj" on node 2 (Build target(s)).
     1>AddCudaCompileDeps:
         C:\Program Files (x86)\Microsoft Visual Studio 12.0\VC\bin\cl.exe /E /nologo /showIncludes /TP /D__CUDACC__ /DWIN32 /DNDEBUG /D_CONSOLE /D_MBCS /I"C:\Program Files\NVIDIA GPU Computing Toolkit\CUDA\v7.5\include" /I"C:\Program Files\NVIDIA GPU Computing Toolkit\CUDA\v7.5\include" /I"C:\Program Files\Microsoft SDKs\Kinect\v2.0_1409\\inc" /IC:\Users\ikervazquezlopez\Documents\Libraries\OpenCV30\opencv\build\x86\vc12\..\..\include /I"C:\Program Files (x86)\Java\jdk1.8.0_102\include\win32" /I"C:\Program Files (x86)\Java\jdk1.8.0_102\include" /I"C:\Program Files\NVIDIA GPU Computing Toolkit\CUDA\v7.5\bin" /I"C:\Program Files\NVIDIA GPU Computing Toolkit\CUDA\v7.5\include" /I. /FIcuda_runtime.h /c "C:\Users\ikervazquezlopez\Documents\Visual Studio 2013\Projects\HandGestureRecognition\HandGestureRecognition\ImageOperation.cu" 
       CudaBuild:
         Compiling CUDA source file ImageOperation.cu...
         cmd.exe /C "C:\Users\ikervazquezlopez\AppData\Local\Temp\tmp517e4cdcd8734c15a524647597855e4e.cmd"
         "C:\Program Files\NVIDIA GPU Computing Toolkit\CUDA\v7.5\bin\nvcc.exe" -gencode=arch=compute_20,code=\"sm_20,compute_20\" --use-local-env --cl-version 2013 -ccbin "C:\Program Files (x86)\Microsoft Visual Studio 12.0\VC\bin"  -I"C:\Program Files\NVIDIA GPU Computing Toolkit\CUDA\v7.5\include" -I"C:\Program Files\NVIDIA GPU Computing Toolkit\CUDA\v7.5\include" -I"C:\Program Files\Microsoft SDKs\Kinect\v2.0_1409\\inc" -IC:\Users\ikervazquezlopez\Documents\Libraries\OpenCV30\opencv\build\x86\vc12\..\..\include -I"C:\Program Files (x86)\Java\jdk1.8.0_102\include\win32" -I"C:\Program Files (x86)\Java\jdk1.8.0_102\include" -I"C:\Program Files\NVIDIA GPU Computing Toolkit\CUDA\v7.5\include"     --keep-dir Release -maxrregcount=0  --machine 32 --compile -cudart static     -DWIN32 -DNDEBUG -D_CONSOLE -D_MBCS -Xcompiler "/EHsc /W3 /nologo /O2 /Zi  /MD " -o Release\ImageOperation.cu.obj "C:\Users\ikervazquezlopez\Documents\Visual Studio 2013\Projects\HandGestureRecognition\HandGestureRecognition\ImageOperation.cu"
         
         C:\Users\ikervazquezlopez\Documents\Visual Studio 2013\Projects\HandGestureRecognition\HandGestureRecognition>"C:\Program Files\NVIDIA GPU Computing Toolkit\CUDA\v7.5\bin\nvcc.exe" -gencode=arch=compute_20,code=\"sm_20,compute_20\" --use-local-env --cl-version 2013 -ccbin "C:\Program Files (x86)\Microsoft Visual Studio 12.0\VC\bin"  -I"C:\Program Files\NVIDIA GPU Computing Toolkit\CUDA\v7.5\include" -I"C:\Program Files\NVIDIA GPU Computing Toolkit\CUDA\v7.5\include" -I"C:\Program Files\Microsoft SDKs\Kinect\v2.0_1409\\inc" -IC:\Users\ikervazquezlopez\Documents\Libraries\OpenCV30\opencv\build\x86\vc12\..\..\include -I"C:\Program Files (x86)\Java\jdk1.8.0_102\include\win32" -I"C:\Program Files (x86)\Java\jdk1.8.0_102\include" -I"C:\Program Files\NVIDIA GPU Computing Toolkit\CUDA\v7.5\include"     --keep-dir Release -maxrregcount=0  --machine 32 --compile -cudart static     -DWIN32 -DNDEBUG -D_CONSOLE -D_MBCS -Xcompiler "/EHsc /W3 /nologo /O2 /Zi  /MD " -o Release\ImageOperation.cu.obj "C:\Users\ikervazquezlopez\Documents\Visual Studio 2013\Projects\HandGestureRecognition\HandGestureRecognition\ImageOperation.cu" 
     1>C:\Users\ikervazquezlopez\Documents\Libraries\OpenCV30\opencv\build\include\opencv2/core/base.hpp(363): warning : function declared with "noreturn" does return
     1>C:\Users\ikervazquezlopez\Documents\Libraries\OpenCV30\opencv\build\include\opencv2/core/fast_math.hpp(105): warning : variable "t" is used before its value is set
     1>C:\Users\ikervazquezlopez\Documents\Libraries\OpenCV30\opencv\build\include\opencv2/core/fast_math.hpp(213): warning : variable "t" is used before its value is set
     1>C:/Users/ikervazquezlopez/Documents/Visual Studio 2013/Projects/HandGestureRecognition/HandGestureRecognition/ImageOperation.cu(104): warning : transfer of control bypasses initialization of:
     1>C:/Users/ikervazquezlopez/Documents/Visual Studio 2013/Projects/HandGestureRecognition/HandGestureRecognition/ImageOperation.cu(111): warning : transfer of control bypasses initialization of:
     1>C:/Users/ikervazquezlopez/Documents/Visual Studio 2013/Projects/HandGestureRecognition/HandGestureRecognition/ImageOperation.cu(116): warning : transfer of control bypasses initialization of:
     1>C:/Users/ikervazquezlopez/Documents/Visual Studio 2013/Projects/HandGestureRecognition/HandGestureRecognition/ImageOperation.cu(211): warning : transfer of control bypasses initialization of:
     1>C:/Users/ikervazquezlopez/Documents/Visual Studio 2013/Projects/HandGestureRecognition/HandGestureRecognition/ImageOperation.cu(217): warning : transfer of control bypasses initialization of:
     1>C:/Users/ikervazquezlopez/Documents/Visual Studio 2013/Projects/HandGestureRecognition/HandGestureRecognition/ImageOperation.cu(363): warning : variable "cudaStatus" was set but never used
     1>C:/Users/ikervazquezlopez/Documents/Visual Studio 2013/Projects/HandGestureRecognition/HandGestureRecognition/ImageOperation.cu(506): warning : transfer of control bypasses initialization of:
     1>C:/Users/ikervazquezlopez/Documents/Visual Studio 2013/Projects/HandGestureRecognition/HandGestureRecognition/ImageOperation.cu(511): warning : transfer of control bypasses initialization of:
     1>C:/Users/ikervazquezlopez/Documents/Visual Studio 2013/Projects/HandGestureRecognition/HandGestureRecognition/ImageOperation.cu(519): warning : transfer of control bypasses initialization of:
     1>C:/Users/ikervazquezlopez/Documents/Visual Studio 2013/Projects/HandGestureRecognition/HandGestureRecognition/ImageOperation.cu(526): warning : transfer of control bypasses initialization of:
     1>C:/Users/ikervazquezlopez/Documents/Visual Studio 2013/Projects/HandGestureRecognition/HandGestureRecognition/ImageOperation.cu(589): warning : transfer of control bypasses initialization of:
     1>C:/Users/ikervazquezlopez/Documents/Visual Studio 2013/Projects/HandGestureRecognition/HandGestureRecognition/ImageOperation.cu(594): warning : transfer of control bypasses initialization of:
     1>C:/Users/ikervazquezlopez/Documents/Visual Studio 2013/Projects/HandGestureRecognition/HandGestureRecognition/ImageOperation.cu(602): warning : transfer of control bypasses initialization of:
     1>C:/Users/ikervazquezlopez/Documents/Visual Studio 2013/Projects/HandGestureRecognition/HandGestureRecognition/ImageOperation.cu(609): warning : transfer of control bypasses initialization of:
     1>C:/Users/ikervazquezlopez/Documents/Visual Studio 2013/Projects/HandGestureRecognition/HandGestureRecognition/ImageOperation.cu(650): warning : variable "cudaStatus" was set but never used
     1>C:/Users/ikervazquezlopez/Documents/Visual Studio 2013/Projects/HandGestureRecognition/HandGestureRecognition/ImageOperation.cu(681): warning : label "Error" was declared but never referenced
     1>C:/Users/ikervazquezlopez/Documents/Visual Studio 2013/Projects/HandGestureRecognition/HandGestureRecognition/ImageOperation.cu(695): warning : transfer of control bypasses initialization of:
     1>C:/Users/ikervazquezlopez/Documents/Visual Studio 2013/Projects/HandGestureRecognition/HandGestureRecognition/ImageOperation.cu(702): warning : transfer of control bypasses initialization of:
     1>C:/Users/ikervazquezlopez/Documents/Visual Studio 2013/Projects/HandGestureRecognition/HandGestureRecognition/ImageOperation.cu(803): warning : variable "sizeOnes" was declared but never referenced
     1>C:/Users/ikervazquezlopez/Documents/Visual Studio 2013/Projects/HandGestureRecognition/HandGestureRecognition/ImageOperation.cu(808): warning : variable "cudastatus" was set but never used
     1>C:\Users\ikervazquezlopez\Documents\Libraries\OpenCV30\opencv\build\include\opencv2/core/base.hpp(363): warning : function declared with "noreturn" does return
     1>C:\Users\ikervazquezlopez\Documents\Libraries\OpenCV30\opencv\build\include\opencv2/core/fast_math.hpp(105): warning : variable "t" is used before its value is set
     1>C:\Users\ikervazquezlopez\Documents\Libraries\OpenCV30\opencv\build\include\opencv2/core/fast_math.hpp(213): warning : variable "t" is used before its value is set
     1>C:/Users/ikervazquezlopez/Documents/Visual Studio 2013/Projects/HandGestureRecognition/HandGestureRecognition/ImageOperation.cu(104): warning : transfer of control bypasses initialization of:
     1>C:/Users/ikervazquezlopez/Documents/Visual Studio 2013/Projects/HandGestureRecognition/HandGestureRecognition/ImageOperation.cu(111): warning : transfer of control bypasses initialization of:
     1>C:/Users/ikervazquezlopez/Documents/Visual Studio 2013/Projects/HandGestureRecognition/HandGestureRecognition/ImageOperation.cu(116): warning : transfer of control bypasses initialization of:
     1>C:/Users/ikervazquezlopez/Documents/Visual Studio 2013/Projects/HandGestureRecognition/HandGestureRecognition/ImageOperation.cu(211): warning : transfer of control bypasses initialization of:
     1>C:/Users/ikervazquezlopez/Documents/Visual Studio 2013/Projects/HandGestureRecognition/HandGestureRecognition/ImageOperation.cu(217): warning : transfer of control bypasses initialization of:
     1>C:/Users/ikervazquezlopez/Documents/Visual Studio 2013/Projects/HandGestureRecognition/HandGestureRecognition/ImageOperation.cu(363): warning : variable "cudaStatus" was set but never used
     1>C:/Users/ikervazquezlopez/Documents/Visual Studio 2013/Projects/HandGestureRecognition/HandGestureRecognition/ImageOperation.cu(506): warning : transfer of control bypasses initialization of:
     1>C:/Users/ikervazquezlopez/Documents/Visual Studio 2013/Projects/HandGestureRecognition/HandGestureRecognition/ImageOperation.cu(511): warning : transfer of control bypasses initialization of:
     1>C:/Users/ikervazquezlopez/Documents/Visual Studio 2013/Projects/HandGestureRecognition/HandGestureRecognition/ImageOperation.cu(519): warning : transfer of control bypasses initialization of:
     1>C:/Users/ikervazquezlopez/Documents/Visual Studio 2013/Projects/HandGestureRecognition/HandGestureRecognition/ImageOperation.cu(526): warning : transfer of control bypasses initialization of:
     1>C:/Users/ikervazquezlopez/Documents/Visual Studio 2013/Projects/HandGestureRecognition/HandGestureRecognition/ImageOperation.cu(589): warning : transfer of control bypasses initialization of:
     1>C:/Users/ikervazquezlopez/Documents/Visual Studio 2013/Projects/HandGestureRecognition/HandGestureRecognition/ImageOperation.cu(594): warning : transfer of control bypasses initialization of:
     1>C:/Users/ikervazquezlopez/Documents/Visual Studio 2013/Projects/HandGestureRecognition/HandGestureRecognition/ImageOperation.cu(602): warning : transfer of control bypasses initialization of:
     1>C:/Users/ikervazquezlopez/Documents/Visual Studio 2013/Projects/HandGestureRecognition/HandGestureRecognition/ImageOperation.cu(609): warning : transfer of control bypasses initialization of:
     1>C:/Users/ikervazquezlopez/Documents/Visual Studio 2013/Projects/HandGestureRecognition/HandGestureRecognition/ImageOperation.cu(650): warning : variable "cudaStatus" was set but never used
     1>C:/Users/ikervazquezlopez/Documents/Visual Studio 2013/Projects/HandGestureRecognition/HandGestureRecognition/ImageOperation.cu(681): warning : label "Error" was declared but never referenced
     1>C:/Users/ikervazquezlopez/Documents/Visual Studio 2013/Projects/HandGestureRecognition/HandGestureRecognition/ImageOperation.cu(695): warning : transfer of control bypasses initialization of:
     1>C:/Users/ikervazquezlopez/Documents/Visual Studio 2013/Projects/HandGestureRecognition/HandGestureRecognition/ImageOperation.cu(702): warning : transfer of control bypasses initialization of:
     1>C:/Users/ikervazquezlopez/Documents/Visual Studio 2013/Projects/HandGestureRecognition/HandGestureRecognition/ImageOperation.cu(803): warning : variable "sizeOnes" was declared but never referenced
     1>C:/Users/ikervazquezlopez/Documents/Visual Studio 2013/Projects/HandGestureRecognition/HandGestureRecognition/ImageOperation.cu(808): warning : variable "cudastatus" was set but never used
         ImageOperation.cu
     1>C:/Users/ikervazquezlopez/Documents/Visual Studio 2013/Projects/HandGestureRecognition/HandGestureRecognition/ImageOperation.cu(222): warning C4018: '<' : signed/unsigned mismatch
     1>C:/Users/ikervazquezlopez/Documents/Visual Studio 2013/Projects/HandGestureRecognition/HandGestureRecognition/ImageOperation.cu(227): warning C4018: '<' : signed/unsigned mismatch
     1>C:/Users/ikervazquezlopez/Documents/Visual Studio 2013/Projects/HandGestureRecognition/HandGestureRecognition/ImageOperation.cu(236): warning C4018: '<=' : signed/unsigned mismatch
     1>C:/Users/ikervazquezlopez/Documents/Visual Studio 2013/Projects/HandGestureRecognition/HandGestureRecognition/ImageOperation.cu(237): warning C4018: '<=' : signed/unsigned mismatch
     1>C:/Users/ikervazquezlopez/Documents/Visual Studio 2013/Projects/HandGestureRecognition/HandGestureRecognition/ImageOperation.cu(240): warning C4018: '<' : signed/unsigned mismatch
     1>C:/Users/ikervazquezlopez/Documents/Visual Studio 2013/Projects/HandGestureRecognition/HandGestureRecognition/ImageOperation.cu(241): warning C4018: '<' : signed/unsigned mismatch
     1>C:/Users/ikervazquezlopez/Documents/Visual Studio 2013/Projects/HandGestureRecognition/HandGestureRecognition/ImageOperation.cu(368): warning C4018: '<' : signed/unsigned mismatch
     1>C:/Users/ikervazquezlopez/Documents/Visual Studio 2013/Projects/HandGestureRecognition/HandGestureRecognition/ImageOperation.cu(379): warning C4018: '<' : signed/unsigned mismatch
     1>C:/Users/ikervazquezlopez/Documents/Visual Studio 2013/Projects/HandGestureRecognition/HandGestureRecognition/ImageOperation.cu(386): warning C4018: '<' : signed/unsigned mismatch
     1>C:/Users/ikervazquezlopez/Documents/Visual Studio 2013/Projects/HandGestureRecognition/HandGestureRecognition/ImageOperation.cu(425): warning C4018: '<' : signed/unsigned mismatch
     1>C:/Users/ikervazquezlopez/Documents/Visual Studio 2013/Projects/HandGestureRecognition/HandGestureRecognition/ImageOperation.cu(430): warning C4244: 'argument' : conversion from 'unsigned int' to 'float', possible loss of data
     1>C:/Users/ikervazquezlopez/Documents/Visual Studio 2013/Projects/HandGestureRecognition/HandGestureRecognition/ImageOperation.cu(653): warning C4018: '<' : signed/unsigned mismatch
     1>C:/Users/ikervazquezlopez/Documents/Visual Studio 2013/Projects/HandGestureRecognition/HandGestureRecognition/ImageOperation.cu(664): warning C4018: '<' : signed/unsigned mismatch
     1>C:/Users/ikervazquezlopez/Documents/Visual Studio 2013/Projects/HandGestureRecognition/HandGestureRecognition/ImageOperation.cu(681): warning C4102: 'Error' : unreferenced label
     1>C:/Users/ikervazquezlopez/Documents/Visual Studio 2013/Projects/HandGestureRecognition/HandGestureRecognition/ImageOperation.cu(707): warning C4018: '<' : signed/unsigned mismatch
     1>C:/Users/ikervazquezlopez/Documents/Visual Studio 2013/Projects/HandGestureRecognition/HandGestureRecognition/ImageOperation.cu(727): warning C4018: '<' : signed/unsigned mismatch
     1>C:/Users/ikervazquezlopez/Documents/Visual Studio 2013/Projects/HandGestureRecognition/HandGestureRecognition/ImageOperation.cu(746): warning C4018: '<' : signed/unsigned mismatch
     1>C:/Users/ikervazquezlopez/Documents/Visual Studio 2013/Projects/HandGestureRecognition/HandGestureRecognition/ImageOperation.cu(753): warning C4018: '<' : signed/unsigned mismatch
     1>C:/Users/ikervazquezlopez/Documents/Visual Studio 2013/Projects/HandGestureRecognition/HandGestureRecognition/ImageOperation.cu(811): warning C4018: '<' : signed/unsigned mismatch
       Link:
         C:\Program Files (x86)\Microsoft Visual Studio 12.0\VC\bin\link.exe /ERRORREPORT:PROMPT /OUT:"C:\Users\ikervazquezlopez\Documents\Visual Studio 2013\Projects\HandGestureRecognition\Release\HandGestureRecognition.exe" /NOLOGO /LIBPATH:"C:\Program Files\NVIDIA GPU Computing Toolkit\CUDA\v7.5\lib\Win32" /LIBPATH:"C:\Program Files\NVIDIA GPU Computing Toolkit\CUDA\v7.5\lib\Win32" /LIBPATH:"C:\Program Files\Microsoft SDKs\Kinect\v2.0_1409\\Lib\x86" /LIBPATH:"C:\Program Files (x86)\Java\jdk1.8.0_102\lib" /LIBPATH:C:\Users\ikervazquezlopez\Documents\Libraries\OpenCV30\opencv\build\x86\vc12\lib cudart.lib kernel32.lib user32.lib gdi32.lib winspool.lib comdlg32.lib advapi32.lib shell32.lib ole32.lib oleaut32.lib uuid.lib odbc32.lib odbccp32.lib cudart.lib kernel32.lib user32.lib gdi32.lib winspool.lib comdlg32.lib advapi32.lib shell32.lib ole32.lib oleaut32.lib uuid.lib odbc32.lib odbccp32.lib Kinect20.lib opencv_world300.lib jvm.lib kernel32.lib user32.lib gdi32.lib winspool.lib comdlg32.lib advapi32.lib shell32.lib ole32.lib oleaut32.lib uuid.lib odbc32.lib odbccp32.lib /MANIFEST /MANIFESTUAC:"level='asInvoker' uiAccess='false'" /manifest:embed /DEBUG /PDB:"C:\Users\ikervazquezlopez\Documents\Visual Studio 2013\Projects\HandGestureRecognition\Release\HandGestureRecognition.pdb" /SUBSYSTEM:CONSOLE /OPT:REF /OPT:ICF /LTCG /TLBID:1 /DYNAMICBASE /NXCOMPAT /IMPLIB:"C:\Users\ikervazquezlopez\Documents\Visual Studio 2013\Projects\HandGestureRecognition\Release\HandGestureRecognition.lib" /MACHINE:X86 /SAFESEH Release\ImageOperation.cu.obj
         Release\utilities.obj
         Generating code
         Finished generating code
         HandGestureRecognition.vcxproj -> C:\Users\ikervazquezlopez\Documents\Visual Studio 2013\Projects\HandGestureRecognition\Release\HandGestureRecognition.exe
       PostBuildEvent:
         echo copy "C:\Program Files\NVIDIA GPU Computing Toolkit\CUDA\v7.5\bin\cudart*.dll" "C:\Users\ikervazquezlopez\Documents\Visual Studio 2013\Projects\HandGestureRecognition\Release\"
         copy "C:\Program Files\NVIDIA GPU Computing Toolkit\CUDA\v7.5\bin\cudart*.dll" "C:\Users\ikervazquezlopez\Documents\Visual Studio 2013\Projects\HandGestureRecognition\Release\"
         :VCEnd
         copy "C:\Program Files\NVIDIA GPU Computing Toolkit\CUDA\v7.5\bin\cudart*.dll" "C:\Users\ikervazquezlopez\Documents\Visual Studio 2013\Projects\HandGestureRecognition\Release\"
         C:\Program Files\NVIDIA GPU Computing Toolkit\CUDA\v7.5\bin\cudart32_75.dll
         C:\Program Files\NVIDIA GPU Computing Toolkit\CUDA\v7.5\bin\cudart64_75.dll
                 2 file(s) copied.
     1>Done Building Project "C:\Users\ikervazquezlopez\Documents\Visual Studio 2013\Projects\HandGestureRecognition\HandGestureRecognition\HandGestureRecognition.vcxproj" (Build target(s)).

Build succeeded.

Time Elapsed 00:00:09.19
